TN:
SF:src/create-all-orders.ts
FN:55,createAllOrders
FN:118,(anonymous_10)
FN:127,(anonymous_11)
FN:133,(anonymous_12)
FN:142,(anonymous_13)
FN:146,(anonymous_14)
FNF:6
FNH:0
FNDA:0,createAllOrders
FNDA:0,(anonymous_10)
FNDA:0,(anonymous_11)
FNDA:0,(anonymous_12)
FNDA:0,(anonymous_13)
FNDA:0,(anonymous_14)
DA:5,0
DA:6,0
DA:7,0
DA:8,0
DA:9,0
DA:11,0
DA:13,0
DA:14,0
DA:16,0
DA:17,0
DA:18,0
DA:22,0
DA:39,0
DA:56,0
DA:57,0
DA:58,0
DA:59,0
DA:61,0
DA:66,0
DA:67,0
DA:68,0
DA:70,0
DA:72,0
DA:74,0
DA:75,0
DA:78,0
DA:79,0
DA:81,0
DA:82,0
DA:85,0
DA:86,0
DA:87,0
DA:88,0
DA:91,0
DA:94,0
DA:95,0
DA:101,0
DA:102,0
DA:103,0
DA:106,0
DA:107,0
DA:108,0
DA:110,0
DA:111,0
DA:112,0
DA:116,0
DA:117,0
DA:118,0
DA:123,0
DA:124,0
DA:125,0
DA:126,0
DA:127,0
DA:128,0
DA:131,0
DA:132,0
DA:133,0
DA:134,0
DA:137,0
DA:141,0
DA:143,0
DA:144,0
DA:147,0
DA:148,0
LF:64
LH:0
BRDA:16,0,0,0
BRDA:16,0,1,0
BRDA:16,1,0,0
BRDA:16,1,1,0
BRDA:81,2,0,0
BRDA:81,2,1,0
BRDA:101,3,0,0
BRDA:101,3,1,0
BRDA:107,4,0,0
BRDA:107,4,1,0
BRDA:111,5,0,0
BRDA:111,5,1,0
BRDA:112,6,0,0
BRDA:112,6,1,0
BRDA:116,7,0,0
BRDA:116,7,1,0
BRDA:132,8,0,0
BRDA:132,8,1,0
BRF:18
BRH:0
end_of_record
TN:
SF:src/create-bulk-orders-v2-old.ts
FN:115,createBulkOrders
FN:177,(anonymous_10)
FN:186,(anonymous_11)
FN:191,(anonymous_12)
FN:199,(anonymous_13)
FN:203,(anonymous_14)
FNF:6
FNH:0
FNDA:0,createBulkOrders
FNDA:0,(anonymous_10)
FNDA:0,(anonymous_11)
FNDA:0,(anonymous_12)
FNDA:0,(anonymous_13)
FNDA:0,(anonymous_14)
DA:1,0
DA:2,0
DA:3,0
DA:5,0
DA:6,0
DA:8,0
DA:10,0
DA:11,0
DA:13,0
DA:14,0
DA:15,0
DA:19,0
DA:27,0
DA:44,0
DA:116,0
DA:117,0
DA:119,0
DA:124,0
DA:125,0
DA:126,0
DA:128,0
DA:130,0
DA:132,0
DA:133,0
DA:136,0
DA:137,0
DA:139,0
DA:140,0
DA:145,0
DA:146,0
DA:147,0
DA:148,0
DA:149,0
DA:152,0
DA:155,0
DA:156,0
DA:162,0
DA:163,0
DA:164,0
DA:167,0
DA:168,0
DA:169,0
DA:171,0
DA:175,0
DA:176,0
DA:177,0
DA:182,0
DA:183,0
DA:184,0
DA:185,0
DA:186,0
DA:187,0
DA:190,0
DA:191,0
DA:192,0
DA:194,0
DA:198,0
DA:200,0
DA:201,0
DA:204,0
DA:205,0
LF:61
LH:0
BRDA:13,0,0,0
BRDA:13,0,1,0
BRDA:13,1,0,0
BRDA:13,1,1,0
BRDA:139,2,0,0
BRDA:139,2,1,0
BRDA:146,3,0,0
BRDA:146,3,1,0
BRDA:162,4,0,0
BRDA:162,4,1,0
BRDA:168,5,0,0
BRDA:168,5,1,0
BRDA:171,6,0,0
BRDA:171,6,1,0
BRDA:175,7,0,0
BRDA:175,7,1,0
BRF:16
BRH:0
end_of_record
TN:
SF:src/create-bulk-orders-v2.ts
FN:110,getInteractiveConfig
FN:169,(anonymous_10)
FN:176,(anonymous_11)
FN:178,(anonymous_12)
FN:179,(anonymous_13)
FN:196,(anonymous_14)
FN:220,createBulkOrders
FN:286,(anonymous_16)
FN:295,(anonymous_17)
FN:300,(anonymous_18)
FN:307,main
FN:314,(anonymous_20)
FN:318,(anonymous_21)
FNF:13
FNH:0
FNDA:0,getInteractiveConfig
FNDA:0,(anonymous_10)
FNDA:0,(anonymous_11)
FNDA:0,(anonymous_12)
FNDA:0,(anonymous_13)
FNDA:0,(anonymous_14)
FNDA:0,createBulkOrders
FNDA:0,(anonymous_16)
FNDA:0,(anonymous_17)
FNDA:0,(anonymous_18)
FNDA:0,main
FNDA:0,(anonymous_20)
FNDA:0,(anonymous_21)
DA:1,0
DA:2,0
DA:3,0
DA:4,0
DA:5,0
DA:6,0
DA:8,0
DA:11,0
DA:19,0
DA:36,0
DA:115,0
DA:120,0
DA:121,0
DA:122,0
DA:125,0
DA:128,0
DA:129,0
DA:130,0
DA:132,0
DA:133,0
DA:135,0
DA:138,0
DA:142,0
DA:145,0
DA:146,0
DA:147,0
DA:149,0
DA:150,0
DA:152,0
DA:155,0
DA:159,0
DA:160,0
DA:161,0
DA:163,0
DA:167,0
DA:168,0
DA:169,0
DA:170,0
DA:171,0
DA:172,0
DA:175,0
DA:176,0
DA:177,0
DA:178,0
DA:179,0
DA:181,0
DA:182,0
DA:183,0
DA:186,0
DA:190,0
DA:191,0
DA:192,0
DA:193,0
DA:194,0
DA:195,0
DA:196,0
DA:197,0
DA:198,0
DA:199,0
DA:201,0
DA:203,0
DA:205,0
DA:206,0
DA:207,0
DA:210,0
DA:216,0
DA:225,0
DA:226,0
DA:228,0
DA:233,0
DA:234,0
DA:235,0
DA:237,0
DA:239,0
DA:241,0
DA:242,0
DA:245,0
DA:246,0
DA:248,0
DA:249,0
DA:254,0
DA:255,0
DA:256,0
DA:257,0
DA:258,0
DA:261,0
DA:264,0
DA:265,0
DA:271,0
DA:272,0
DA:273,0
DA:276,0
DA:277,0
DA:278,0
DA:280,0
DA:284,0
DA:285,0
DA:286,0
DA:291,0
DA:292,0
DA:293,0
DA:294,0
DA:295,0
DA:296,0
DA:299,0
DA:300,0
DA:301,0
DA:303,0
DA:308,0
DA:309,0
DA:313,0
DA:315,0
DA:316,0
DA:319,0
DA:320,0
LF:115
LH:0
BRDA:128,0,0,0
BRDA:128,0,1,0
BRDA:132,1,0,0
BRDA:132,1,1,0
BRDA:145,2,0,0
BRDA:145,2,1,0
BRDA:149,3,0,0
BRDA:149,3,1,0
BRDA:167,4,0,0
BRDA:167,4,1,0
BRDA:178,5,0,0
BRDA:178,5,1,0
BRDA:181,6,0,0
BRDA:181,6,1,0
BRDA:205,7,0,0
BRDA:205,7,1,0
BRDA:248,8,0,0
BRDA:248,8,1,0
BRDA:255,9,0,0
BRDA:255,9,1,0
BRDA:271,10,0,0
BRDA:271,10,1,0
BRDA:277,11,0,0
BRDA:277,11,1,0
BRDA:280,12,0,0
BRDA:280,12,1,0
BRDA:284,13,0,0
BRDA:284,13,1,0
BRF:28
BRH:0
end_of_record
TN:
SF:src/create-hokkaido-order.ts
FN:21,createHokkaidoOrder
FN:67,(anonymous_10)
FN:71,(anonymous_11)
FNF:3
FNH:0
FNDA:0,createHokkaidoOrder
FNDA:0,(anonymous_10)
FNDA:0,(anonymous_11)
DA:5,0
DA:6,0
DA:7,0
DA:8,0
DA:9,0
DA:11,0
DA:13,0
DA:14,0
DA:16,0
DA:17,0
DA:18,0
DA:22,0
DA:23,0
DA:25,0
DA:26,0
DA:27,0
DA:29,0
DA:31,0
DA:32,0
DA:34,0
DA:35,0
DA:36,0
DA:37,0
DA:38,0
DA:39,0
DA:40,0
DA:43,0
DA:46,0
DA:47,0
DA:53,0
DA:54,0
DA:57,0
DA:58,0
DA:59,0
DA:61,0
DA:66,0
DA:68,0
DA:69,0
DA:72,0
DA:73,0
LF:40
LH:0
BRDA:16,0,0,0
BRDA:16,0,1,0
BRDA:16,1,0,0
BRDA:16,1,1,0
BRDA:53,2,0,0
BRDA:53,2,1,0
BRDA:58,3,0,0
BRDA:58,3,1,0
BRF:8
BRH:0
end_of_record
TN:
SF:src/create-locations.ts
FN:38,createLocation
FN:110,(anonymous_11)
FN:127,getExistingLocations
FN:181,main
FN:193,(anonymous_14)
FN:213,(anonymous_15)
FN:242,(anonymous_16)
FN:259,(anonymous_17)
FN:273,(anonymous_18)
FN:286,(anonymous_19)
FN:304,(anonymous_20)
FNF:11
FNH:0
FNDA:0,createLocation
FNDA:0,(anonymous_11)
FNDA:0,getExistingLocations
FNDA:0,main
FNDA:0,(anonymous_14)
FNDA:0,(anonymous_15)
FNDA:0,(anonymous_16)
FNDA:0,(anonymous_17)
FNDA:0,(anonymous_18)
FNDA:0,(anonymous_19)
FNDA:0,(anonymous_20)
DA:5,0
DA:6,0
DA:7,0
DA:8,0
DA:11,0
DA:14,0
DA:15,0
DA:17,0
DA:18,0
DA:19,0
DA:43,0
DA:44,0
DA:46,0
DA:47,0
DA:49,0
DA:73,0
DA:88,0
DA:89,0
DA:103,0
DA:104,0
DA:107,0
DA:109,0
DA:110,0
DA:111,0
DA:114,0
DA:116,0
DA:117,0
DA:118,0
DA:120,0
DA:131,0
DA:132,0
DA:134,0
DA:152,0
DA:153,0
DA:164,0
DA:165,0
DA:168,0
DA:170,0
DA:171,0
DA:172,0
DA:174,0
DA:182,0
DA:183,0
DA:184,0
DA:187,0
DA:188,0
DA:189,0
DA:191,0
DA:192,0
DA:193,0
DA:194,0
DA:196,0
DA:200,0
DA:201,0
DA:203,0
DA:204,0
DA:205,0
DA:206,0
DA:208,0
DA:209,0
DA:210,0
DA:213,0
DA:214,0
DA:215,0
DA:216,0
DA:222,0
DA:223,0
DA:226,0
DA:227,0
DA:228,0
DA:230,0
DA:237,0
DA:240,0
DA:241,0
DA:242,0
DA:245,0
DA:247,0
DA:254,0
DA:257,0
DA:258,0
DA:259,0
DA:265,0
DA:266,0
DA:267,0
DA:268,0
DA:269,0
DA:272,0
DA:273,0
DA:274,0
DA:275,0
DA:280,0
DA:281,0
DA:285,0
DA:286,0
DA:287,0
DA:288,0
DA:292,0
DA:293,0
DA:294,0
DA:296,0
DA:297,0
DA:299,0
DA:304,0
DA:305,0
DA:306,0
LF:105
LH:0
BRDA:17,0,0,0
BRDA:17,0,1,0
BRDA:17,1,0,0
BRDA:17,1,1,0
BRDA:103,2,0,0
BRDA:103,2,1,0
BRDA:109,3,0,0
BRDA:109,3,1,0
BRDA:109,4,0,0
BRDA:109,4,1,0
BRDA:116,5,0,0
BRDA:116,5,1,0
BRDA:117,6,0,0
BRDA:117,6,1,0
BRDA:118,7,0,0
BRDA:118,7,1,0
BRDA:164,8,0,0
BRDA:164,8,1,0
BRDA:168,9,0,0
BRDA:168,9,1,0
BRDA:170,10,0,0
BRDA:170,10,1,0
BRDA:171,11,0,0
BRDA:171,11,1,0
BRDA:172,12,0,0
BRDA:172,12,1,0
BRDA:191,13,0,0
BRDA:191,13,1,0
BRDA:214,14,0,0
BRDA:214,14,1,0
BRDA:240,15,0,0
BRDA:240,15,1,0
BRDA:245,16,0,0
BRDA:245,16,1,0
BRDA:251,17,0,0
BRDA:251,17,1,0
BRDA:257,18,0,0
BRDA:257,18,1,0
BRDA:274,19,0,0
BRDA:274,19,1,0
BRDA:274,20,0,0
BRDA:274,20,1,0
BRDA:275,21,0,0
BRDA:275,21,1,0
BRDA:277,22,0,0
BRDA:277,22,1,0
BRDA:287,23,0,0
BRDA:287,23,1,0
BRDA:287,24,0,0
BRDA:287,24,1,0
BRDA:296,25,0,0
BRDA:296,25,1,0
BRF:52
BRH:0
end_of_record
TN:
SF:src/create-retry-failed.ts
FN:21,retryFailedOrder
FN:29,(anonymous_10)
FN:67,(anonymous_11)
FN:71,(anonymous_12)
FNF:4
FNH:0
FNDA:0,retryFailedOrder
FNDA:0,(anonymous_10)
FNDA:0,(anonymous_11)
FNDA:0,(anonymous_12)
DA:5,0
DA:6,0
DA:7,0
DA:8,0
DA:9,0
DA:11,0
DA:13,0
DA:14,0
DA:16,0
DA:17,0
DA:18,0
DA:22,0
DA:23,0
DA:25,0
DA:26,0
DA:27,0
DA:28,0
DA:29,0
DA:31,0
DA:33,0
DA:34,0
DA:36,0
DA:37,0
DA:38,0
DA:39,0
DA:40,0
DA:43,0
DA:46,0
DA:47,0
DA:53,0
DA:54,0
DA:57,0
DA:58,0
DA:59,0
DA:61,0
DA:66,0
DA:68,0
DA:69,0
DA:72,0
DA:73,0
LF:40
LH:0
BRDA:16,0,0,0
BRDA:16,0,1,0
BRDA:16,1,0,0
BRDA:16,1,1,0
BRDA:53,2,0,0
BRDA:53,2,1,0
BRDA:58,3,0,0
BRDA:58,3,1,0
BRF:8
BRH:0
end_of_record
TN:
SF:src/create-retry-two-failed.ts
FN:26,retryFailedOrders
FN:30,(anonymous_10)
FN:79,(anonymous_11)
FN:88,(anonymous_12)
FN:94,(anonymous_13)
FN:103,(anonymous_14)
FN:107,(anonymous_15)
FNF:7
FNH:0
FNDA:0,retryFailedOrders
FNDA:0,(anonymous_10)
FNDA:0,(anonymous_11)
FNDA:0,(anonymous_12)
FNDA:0,(anonymous_13)
FNDA:0,(anonymous_14)
FNDA:0,(anonymous_15)
DA:5,0
DA:6,0
DA:7,0
DA:8,0
DA:9,0
DA:11,0
DA:13,0
DA:14,0
DA:16,0
DA:17,0
DA:18,0
DA:21,0
DA:27,0
DA:28,0
DA:29,0
DA:30,0
DA:32,0
DA:37,0
DA:38,0
DA:39,0
DA:41,0
DA:43,0
DA:45,0
DA:46,0
DA:48,0
DA:49,0
DA:50,0
DA:51,0
DA:54,0
DA:57,0
DA:58,0
DA:64,0
DA:65,0
DA:66,0
DA:69,0
DA:70,0
DA:71,0
DA:73,0
DA:77,0
DA:78,0
DA:79,0
DA:84,0
DA:85,0
DA:86,0
DA:87,0
DA:88,0
DA:89,0
DA:92,0
DA:93,0
DA:94,0
DA:95,0
DA:98,0
DA:102,0
DA:104,0
DA:105,0
DA:108,0
DA:109,0
LF:57
LH:0
BRDA:16,0,0,0
BRDA:16,0,1,0
BRDA:16,1,0,0
BRDA:16,1,1,0
BRDA:64,2,0,0
BRDA:64,2,1,0
BRDA:70,3,0,0
BRDA:70,3,1,0
BRDA:73,4,0,0
BRDA:73,4,1,0
BRDA:77,5,0,0
BRDA:77,5,1,0
BRDA:93,6,0,0
BRDA:93,6,1,0
BRF:14
BRH:0
end_of_record
TN:
SF:src/create-test-single-order.ts
FN:21,createTestOrder
FN:47,(anonymous_10)
FN:74,(anonymous_11)
FN:78,(anonymous_12)
FNF:4
FNH:0
FNDA:0,createTestOrder
FNDA:0,(anonymous_10)
FNDA:0,(anonymous_11)
FNDA:0,(anonymous_12)
DA:5,0
DA:6,0
DA:7,0
DA:8,0
DA:9,0
DA:11,0
DA:13,0
DA:14,0
DA:16,0
DA:17,0
DA:18,0
DA:22,0
DA:23,0
DA:25,0
DA:26,0
DA:27,0
DA:29,0
DA:31,0
DA:32,0
DA:35,0
DA:36,0
DA:37,0
DA:38,0
DA:39,0
DA:40,0
DA:43,0
DA:46,0
DA:47,0
DA:48,0
DA:50,0
DA:53,0
DA:54,0
DA:60,0
DA:61,0
DA:64,0
DA:65,0
DA:66,0
DA:68,0
DA:73,0
DA:75,0
DA:76,0
DA:79,0
DA:80,0
LF:43
LH:0
BRDA:16,0,0,0
BRDA:16,0,1,0
BRDA:16,1,0,0
BRDA:16,1,1,0
BRDA:60,2,0,0
BRDA:60,2,1,0
BRDA:65,3,0,0
BRDA:65,3,1,0
BRF:8
BRH:0
end_of_record
TN:
SF:src/generate-consignor-sql-for-store-management.ts
FN:26,generateInsertSQL
FN:36,(anonymous_10)
FN:85,generateUpsertSQL
FN:102,main
FN:161,(anonymous_13)
FNF:5
FNH:0
FNDA:0,generateInsertSQL
FNDA:0,(anonymous_10)
FNDA:0,generateUpsertSQL
FNDA:0,main
FNDA:0,(anonymous_13)
DA:6,0
DA:7,0
DA:8,0
DA:31,0
DA:32,0
DA:33,0
DA:34,0
DA:36,0
DA:37,0
DA:38,0
DA:39,0
DA:40,0
DA:41,0
DA:42,0
DA:43,0
DA:44,0
DA:45,0
DA:46,0
DA:47,0
DA:48,0
DA:49,0
DA:50,0
DA:51,0
DA:52,0
DA:53,0
DA:54,0
DA:55,0
DA:56,0
DA:57,0
DA:58,0
DA:59,0
DA:60,0
DA:61,0
DA:62,0
DA:63,0
DA:64,0
DA:65,0
DA:66,0
DA:67,0
DA:68,0
DA:69,0
DA:70,0
DA:71,0
DA:72,0
DA:73,0
DA:74,0
DA:75,0
DA:76,0
DA:79,0
DA:90,0
DA:91,0
DA:92,0
DA:93,0
DA:94,0
DA:95,0
DA:97,0
DA:99,0
DA:103,0
DA:108,0
DA:111,0
DA:114,0
DA:117,0
DA:120,0
DA:121,0
DA:123,0
DA:126,0
DA:127,0
DA:129,0
DA:132,0
DA:133,0
DA:134,0
DA:138,0
DA:139,0
DA:140,0
DA:141,0
DA:144,0
DA:145,0
DA:146,0
DA:147,0
DA:149,0
DA:150,0
DA:151,0
DA:153,0
DA:154,0
DA:155,0
DA:156,0
DA:158,0
DA:161,0
DA:162,0
DA:163,0
LF:90
LH:0
BRDA:133,0,0,0
BRDA:133,0,1,0
BRF:2
BRH:0
end_of_record
TN:
SF:src/generate-consignor-sql.ts
FN:39,generateCreateTableSQL
FN:69,generateInsertSQL
FN:74,(anonymous_11)
FN:114,generateUpdateSQL
FN:121,(anonymous_13)
FN:141,generateUpsertSQL
FN:148,(anonymous_15)
FN:198,main
FN:274,(anonymous_17)
FNF:9
FNH:0
FNDA:0,generateCreateTableSQL
FNDA:0,generateInsertSQL
FNDA:0,(anonymous_11)
FNDA:0,generateUpdateSQL
FNDA:0,(anonymous_13)
FNDA:0,generateUpsertSQL
FNDA:0,(anonymous_15)
FNDA:0,main
FNDA:0,(anonymous_17)
DA:5,0
DA:6,0
DA:7,0
DA:23,0
DA:40,0
DA:41,0
DA:43,0
DA:44,0
DA:45,0
DA:46,0
DA:47,0
DA:48,0
DA:49,0
DA:50,0
DA:51,0
DA:52,0
DA:53,0
DA:54,0
DA:55,0
DA:56,0
DA:57,0
DA:58,0
DA:59,0
DA:60,0
DA:61,0
DA:62,0
DA:63,0
DA:64,0
DA:66,0
DA:70,0
DA:71,0
DA:72,0
DA:74,0
DA:75,0
DA:77,0
DA:78,0
DA:79,0
DA:80,0
DA:81,0
DA:82,0
DA:83,0
DA:84,0
DA:85,0
DA:86,0
DA:87,0
DA:88,0
DA:89,0
DA:90,0
DA:91,0
DA:92,0
DA:93,0
DA:94,0
DA:95,0
DA:96,0
DA:97,0
DA:98,0
DA:99,0
DA:100,0
DA:101,0
DA:102,0
DA:103,0
DA:104,0
DA:105,0
DA:106,0
DA:107,0
DA:108,0
DA:111,0
DA:115,0
DA:116,0
DA:117,0
DA:119,0
DA:121,0
DA:122,0
DA:124,0
DA:125,0
DA:126,0
DA:127,0
DA:128,0
DA:129,0
DA:130,0
DA:131,0
DA:132,0
DA:133,0
DA:134,0
DA:135,0
DA:138,0
DA:142,0
DA:143,0
DA:144,0
DA:146,0
DA:148,0
DA:149,0
DA:151,0
DA:152,0
DA:153,0
DA:154,0
DA:155,0
DA:156,0
DA:157,0
DA:158,0
DA:159,0
DA:160,0
DA:161,0
DA:162,0
DA:163,0
DA:164,0
DA:165,0
DA:166,0
DA:167,0
DA:168,0
DA:169,0
DA:170,0
DA:171,0
DA:172,0
DA:173,0
DA:174,0
DA:175,0
DA:176,0
DA:177,0
DA:178,0
DA:179,0
DA:180,0
DA:181,0
DA:182,0
DA:183,0
DA:184,0
DA:185,0
DA:186,0
DA:187,0
DA:188,0
DA:189,0
DA:190,0
DA:191,0
DA:192,0
DA:195,0
DA:199,0
DA:201,0
DA:206,0
DA:208,0
DA:210,0
DA:211,0
DA:212,0
DA:215,0
DA:218,0
DA:219,0
DA:221,0
DA:224,0
DA:225,0
DA:226,0
DA:230,0
DA:231,0
DA:232,0
DA:233,0
DA:236,0
DA:237,0
DA:238,0
DA:239,0
DA:242,0
DA:243,0
DA:244,0
DA:245,0
DA:248,0
DA:249,0
DA:250,0
DA:251,0
DA:253,0
DA:254,0
DA:255,0
DA:256,0
DA:257,0
DA:259,0
DA:260,0
DA:261,0
DA:262,0
DA:263,0
DA:264,0
DA:265,0
DA:267,0
DA:269,0
DA:274,0
DA:275,0
DA:276,0
LF:182
LH:0
BRDA:75,0,0,0
BRDA:75,0,1,0
BRDA:102,1,0,0
BRDA:102,1,1,0
BRDA:122,2,0,0
BRDA:122,2,1,0
BRDA:131,3,0,0
BRDA:131,3,1,0
BRDA:149,4,0,0
BRDA:149,4,1,0
BRDA:176,5,0,0
BRDA:176,5,1,0
BRDA:210,6,0,0
BRDA:210,6,1,0
BRDA:210,7,0,0
BRDA:210,7,1,0
BRDA:225,8,0,0
BRDA:225,8,1,0
BRF:18
BRH:0
end_of_record
TN:
SF:src/shopify.ts
FN:109,buildShopifyApiUrl
FN:118,createShopifyOrder
FN:166,(anonymous_3)
FN:172,(anonymous_4)
FN:207,createCustomOrder
FNF:5
FNH:0
FNDA:0,buildShopifyApiUrl
FNDA:0,createShopifyOrder
FNDA:0,(anonymous_3)
FNDA:0,(anonymous_4)
FNDA:0,createCustomOrder
DA:5,0
DA:11,0
DA:65,0
DA:109,0
DA:111,0
DA:112,0
DA:118,0
DA:123,0
DA:125,0
DA:126,0
DA:127,0
DA:129,0
DA:133,0
DA:135,0
DA:136,0
DA:155,0
DA:158,0
DA:159,0
DA:160,0
DA:164,0
DA:165,0
DA:166,0
DA:167,0
DA:168,0
DA:172,0
DA:173,0
DA:174,0
DA:177,0
DA:180,0
DA:181,0
DA:182,0
DA:183,0
DA:184,0
DA:185,0
DA:187,0
DA:189,0
DA:190,0
DA:191,0
DA:193,0
DA:194,0
DA:195,0
DA:198,0
DA:200,0
DA:207,0
DA:214,0
LF:45
LH:0
BRDA:121,0,0,0
BRDA:158,1,0,0
BRDA:158,1,1,0
BRDA:158,2,0,0
BRDA:158,2,1,0
BRDA:164,3,0,0
BRDA:164,3,1,0
BRDA:167,4,0,0
BRDA:167,4,1,0
BRDA:173,5,0,0
BRDA:173,5,1,0
BRDA:189,6,0,0
BRDA:189,6,1,0
BRDA:193,7,0,0
BRDA:193,7,1,0
BRF:15
BRH:0
end_of_record
TN:
SF:src/template-converter.ts
FN:10,normalizePhoneNumber
FN:32,extractOrderData
FN:40,(anonymous_2)
FN:70,(anonymous_3)
FN:144,(anonymous_4)
FN:145,(anonymous_5)
FNF:6
FNH:0
FNDA:0,normalizePhoneNumber
FNDA:0,extractOrderData
FNDA:0,(anonymous_2)
FNDA:0,(anonymous_3)
FNDA:0,(anonymous_4)
FNDA:0,(anonymous_5)
DA:11,0
DA:14,0
DA:15,0
DA:19,0
DA:22,0
DA:23,0
DA:26,0
DA:32,0
DA:33,0
DA:34,0
DA:37,0
DA:40,0
DA:53,0
DA:68,0
DA:69,0
DA:70,0
DA:71,0
DA:74,0
DA:75,0
DA:79,0
DA:93,0
DA:94,0
DA:95,0
DA:97,0
DA:98,0
DA:104,0
DA:105,0
DA:111,0
DA:112,0
DA:118,0
DA:119,0
DA:125,0
DA:126,0
DA:132,0
DA:133,0
DA:141,0
DA:144,0
DA:145,0
DA:148,0
DA:149,0
DA:152,0
LF:41
LH:0
BRDA:11,0,0,0
BRDA:11,0,1,0
BRDA:14,1,0,0
BRDA:14,1,1,0
BRDA:22,2,0,0
BRDA:22,2,1,0
BRDA:33,3,0,0
BRDA:33,3,1,0
BRDA:33,4,0,0
BRDA:33,4,1,0
BRDA:53,5,0,0
BRDA:53,5,1,0
BRDA:61,6,0,0
BRDA:61,6,1,0
BRDA:69,7,0,0
BRDA:69,7,1,0
BRDA:74,8,0,0
BRDA:74,8,1,0
BRDA:74,9,0,0
BRDA:74,9,1,0
BRDA:94,10,0,0
BRDA:94,10,1,0
BRDA:97,11,0,0
BRDA:97,11,1,0
BRDA:104,12,0,0
BRDA:104,12,1,0
BRDA:111,13,0,0
BRDA:111,13,1,0
BRDA:118,14,0,0
BRDA:118,14,1,0
BRDA:125,15,0,0
BRDA:125,15,1,0
BRDA:132,16,0,0
BRDA:132,16,1,0
BRDA:141,17,0,0
BRDA:141,17,1,0
BRDA:148,18,0,0
BRDA:148,18,1,0
BRDA:156,19,0,0
BRDA:156,19,1,0
BRDA:158,20,0,0
BRDA:158,20,1,0
BRF:42
BRH:0
end_of_record
TN:
SF:src/update-templates.ts
FN:89,updateTemplate
FN:162,main
FN:177,(anonymous_11)
FNF:3
FNH:0
FNDA:0,updateTemplate
FNDA:0,main
FNDA:0,(anonymous_11)
DA:10,0
DA:11,0
DA:14,0
DA:22,0
DA:23,0
DA:26,0
DA:43,0
DA:60,0
DA:90,0
DA:91,0
DA:92,0
DA:93,0
DA:94,0
DA:96,0
DA:104,0
DA:107,0
DA:110,0
DA:111,0
DA:114,0
DA:117,0
DA:118,0
DA:119,0
DA:124,0
DA:125,0
DA:127,0
DA:143,0
DA:144,0
DA:145,0
DA:146,0
DA:147,0
DA:148,0
DA:152,0
DA:153,0
DA:154,0
DA:155,0
DA:156,0
DA:157,0
DA:158,0
DA:159,0
DA:163,0
DA:164,0
DA:165,0
DA:166,0
DA:167,0
DA:169,0
DA:170,0
DA:173,0
DA:177,0
DA:178,0
DA:179,0
LF:50
LH:0
BRDA:117,0,0,0
BRDA:117,0,1,0
BRDA:117,1,0,0
BRDA:117,1,1,0
BRDA:125,2,0,0
BRDA:125,2,1,0
BRDA:132,3,0,0
BRDA:132,3,1,0
BRDA:143,4,0,0
BRDA:143,4,1,0
BRF:10
BRH:0
end_of_record
TN:
SF:src/cli/commands/consignor.ts
FN:16,generateConsignorSQL
FN:54,deployConsignor
FN:165,rollbackConsignor
FNF:3
FNH:0
FNDA:0,generateConsignorSQL
FNDA:0,deployConsignor
FNDA:0,rollbackConsignor
DA:6,0
DA:8,0
DA:9,0
DA:10,0
DA:11,0
DA:16,0
DA:17,0
DA:18,0
DA:21,0
DA:22,0
DA:23,0
DA:26,0
DA:27,0
DA:30,0
DA:31,0
DA:33,0
DA:35,0
DA:36,0
DA:41,0
DA:42,0
DA:43,0
DA:44,0
DA:46,0
DA:47,0
DA:54,0
DA:55,0
DA:56,0
DA:59,0
DA:60,0
DA:62,0
DA:63,0
DA:66,0
DA:67,0
DA:68,0
DA:71,0
DA:72,0
DA:81,0
DA:82,0
DA:83,0
DA:88,0
DA:90,0
DA:92,0
DA:95,0
DA:101,0
DA:104,0
DA:105,0
DA:107,0
DA:108,0
DA:109,0
DA:110,0
DA:111,0
DA:115,0
DA:117,0
DA:127,0
DA:130,0
DA:132,0
DA:139,0
DA:149,0
DA:151,0
DA:154,0
DA:157,0
DA:158,0
DA:165,0
DA:166,0
DA:167,0
DA:170,0
DA:171,0
DA:173,0
DA:174,0
DA:177,0
DA:178,0
DA:179,0
DA:182,0
DA:191,0
DA:192,0
DA:193,0
DA:197,0
DA:199,0
DA:201,0
DA:204,0
DA:211,0
DA:212,0
DA:215,0
DA:217,0
DA:227,0
DA:228,0
DA:231,0
DA:234,0
DA:235,0
LF:89
LH:0
BRDA:27,0,0,0
BRDA:27,0,1,0
BRDA:30,1,0,0
BRDA:30,1,1,0
BRDA:35,2,0,0
BRDA:35,2,1,0
BRDA:43,3,0,0
BRDA:43,3,1,0
BRDA:62,4,0,0
BRDA:62,4,1,0
BRDA:71,5,0,0
BRDA:71,5,1,0
BRDA:81,6,0,0
BRDA:81,6,1,0
BRDA:107,7,0,0
BRDA:107,7,1,0
BRDA:173,8,0,0
BRDA:173,8,1,0
BRDA:191,9,0,0
BRDA:191,9,1,0
BRF:20
BRH:0
end_of_record
TN:
SF:src/cli/commands/order.ts
FN:112,createOrders
FN:136,(anonymous_11)
FN:162,(anonymous_12)
FN:186,(anonymous_13)
FN:266,(anonymous_14)
FN:273,(anonymous_15)
FN:279,(anonymous_16)
FNF:7
FNH:0
FNDA:0,createOrders
FNDA:0,(anonymous_11)
FNDA:0,(anonymous_12)
FNDA:0,(anonymous_13)
FNDA:0,(anonymous_14)
FNDA:0,(anonymous_15)
FNDA:0,(anonymous_16)
DA:5,0
DA:6,0
DA:7,0
DA:8,0
DA:9,0
DA:10,0
DA:11,0
DA:14,0
DA:31,0
DA:112,0
DA:113,0
DA:114,0
DA:117,0
DA:118,0
DA:120,0
DA:121,0
DA:124,0
DA:125,0
DA:126,0
DA:129,0
DA:134,0
DA:136,0
DA:137,0
DA:138,0
DA:139,0
DA:141,0
DA:145,0
DA:154,0
DA:155,0
DA:157,0
DA:163,0
DA:164,0
DA:165,0
DA:173,0
DA:174,0
DA:175,0
DA:178,0
DA:183,0
DA:184,0
DA:185,0
DA:186,0
DA:187,0
DA:188,0
DA:189,0
DA:192,0
DA:193,0
DA:202,0
DA:203,0
DA:204,0
DA:208,0
DA:209,0
DA:210,0
DA:211,0
DA:215,0
DA:217,0
DA:222,0
DA:223,0
DA:224,0
DA:226,0
DA:227,0
DA:229,0
DA:231,0
DA:233,0
DA:234,0
DA:236,0
DA:237,0
DA:238,0
DA:241,0
DA:244,0
DA:245,0
DA:251,0
DA:252,0
DA:253,0
DA:256,0
DA:257,0
DA:258,0
DA:260,0
DA:264,0
DA:265,0
DA:266,0
DA:271,0
DA:272,0
DA:273,0
DA:274,0
DA:277,0
DA:278,0
DA:279,0
DA:280,0
DA:283,0
DA:287,0
DA:288,0
LF:91
LH:0
BRDA:124,0,0,0
BRDA:124,0,1,0
BRDA:125,1,0,0
BRDA:125,1,1,0
BRDA:134,2,0,0
BRDA:134,2,1,0
BRDA:134,3,0,0
BRDA:134,3,1,0
BRDA:138,4,0,0
BRDA:138,4,1,0
BRDA:154,5,0,0
BRDA:154,5,1,0
BRDA:173,6,0,0
BRDA:173,6,1,0
BRDA:173,7,0,0
BRDA:173,7,1,0
BRDA:192,8,0,0
BRDA:192,8,1,0
BRDA:202,9,0,0
BRDA:202,9,1,0
BRDA:208,10,0,0
BRDA:208,10,1,0
BRDA:236,11,0,0
BRDA:236,11,1,0
BRDA:251,12,0,0
BRDA:251,12,1,0
BRDA:257,13,0,0
BRDA:257,13,1,0
BRDA:260,14,0,0
BRDA:260,14,1,0
BRDA:264,15,0,0
BRDA:264,15,1,0
BRDA:277,16,0,0
BRDA:277,16,1,0
BRF:34
BRH:0
end_of_record
TN:
SF:src/cli/commands/shop.ts
FN:15,showShopInfo
FN:29,(anonymous_1)
FNF:2
FNH:0
FNDA:0,showShopInfo
FNDA:0,(anonymous_1)
DA:5,0
DA:6,0
DA:15,0
DA:16,0
DA:17,0
DA:20,0
DA:23,0
DA:24,0
DA:25,0
DA:28,0
DA:29,0
DA:30,0
DA:31,0
DA:32,0
DA:33,0
DA:34,0
DA:35,0
DA:39,0
DA:40,0
DA:41,0
DA:42,0
DA:44,0
DA:45,0
DA:47,0
DA:48,0
DA:53,0
DA:54,0
LF:27
LH:0
BRDA:39,0,0,0
BRDA:39,0,1,0
BRDA:41,1,0,0
BRDA:41,1,1,0
BRDA:44,2,0,0
BRDA:44,2,1,0
BRDA:47,3,0,0
BRDA:47,3,1,0
BRF:8
BRH:0
end_of_record
TN:
SF:src/cli/utils/config.ts
FN:16,loadShopsConfig
FN:28,loadShopConfig
FN:43,listShops
FN:51,shopExists
FNF:4
FNH:0
FNDA:0,loadShopsConfig
FNDA:0,loadShopConfig
FNDA:0,listShops
FNDA:0,shopExists
DA:5,0
DA:6,0
DA:7,0
DA:10,0
DA:11,0
DA:16,0
DA:17,0
DA:18,0
DA:21,0
DA:22,0
DA:28,0
DA:29,0
DA:31,0
DA:32,0
DA:37,0
DA:43,0
DA:44,0
DA:45,0
DA:51,0
DA:52,0
DA:53,0
LF:21
LH:0
BRDA:17,0,0,0
BRDA:17,0,1,0
BRDA:31,1,0,0
BRDA:31,1,1,0
BRF:4
BRH:0
end_of_record
TN:
SF:src/cli/utils/kubernetes.ts
FN:9,(anonymous_0)
FN:15,(anonymous_1)
FN:26,(anonymous_2)
FN:42,(anonymous_3)
FN:56,(anonymous_4)
FN:74,(anonymous_5)
FN:86,(anonymous_6)
FN:99,(anonymous_7)
FN:127,(anonymous_8)
FN:163,(anonymous_9)
FNF:10
FNH:0
FNDA:0,(anonymous_0)
FNDA:0,(anonymous_1)
FNDA:0,(anonymous_2)
FNDA:0,(anonymous_3)
FNDA:0,(anonymous_4)
FNDA:0,(anonymous_5)
FNDA:0,(anonymous_6)
FNDA:0,(anonymous_7)
FNDA:0,(anonymous_8)
FNDA:0,(anonymous_9)
DA:5,0
DA:7,0
DA:9,0
DA:10,0
DA:16,0
DA:17,0
DA:19,0
DA:27,0
DA:28,0
DA:31,0
DA:32,0
DA:33,0
DA:35,0
DA:43,0
DA:44,0
DA:45,0
DA:46,0
DA:48,0
DA:57,0
DA:58,0
DA:59,0
DA:61,0
DA:62,0
DA:65,0
DA:67,0
DA:75,0
DA:76,0
DA:77,0
DA:79,0
DA:87,0
DA:88,0
DA:89,0
DA:90,0
DA:92,0
DA:104,0
DA:106,0
DA:107,0
DA:115,0
DA:117,0
DA:119,0
DA:120,0
DA:128,0
DA:131,0
DA:133,0
DA:135,0
DA:136,0
DA:142,0
DA:144,0
DA:150,0
DA:154,0
DA:156,0
DA:164,0
DA:166,0
DA:168,0
DA:169,0
DA:172,0
DA:174,0
DA:188,0
DA:189,0
DA:193,0
DA:194,0
DA:199,0
LF:62
LH:0
BRDA:27,0,0,0
BRDA:27,0,1,0
BRDA:43,1,0,0
BRDA:43,1,1,0
BRDA:61,2,0,0
BRDA:61,2,1,0
BRDA:142,3,0,0
BRDA:142,3,1,0
BRF:8
BRH:0
end_of_record
TN:
SF:src/cli/utils/logger.ts
FN:8,(anonymous_1)
FN:11,(anonymous_2)
FN:15,(anonymous_3)
FN:19,(anonymous_4)
FN:23,(anonymous_5)
FN:27,(anonymous_6)
FN:31,(anonymous_7)
FN:35,(anonymous_8)
FN:39,(anonymous_9)
FN:43,(anonymous_10)
FN:50,(anonymous_11)
FN:57,(anonymous_12)
FNF:12
FNH:0
FNDA:0,(anonymous_1)
FNDA:0,(anonymous_2)
FNDA:0,(anonymous_3)
FNDA:0,(anonymous_4)
FNDA:0,(anonymous_5)
FNDA:0,(anonymous_6)
FNDA:0,(anonymous_7)
FNDA:0,(anonymous_8)
FNDA:0,(anonymous_9)
FNDA:0,(anonymous_10)
FNDA:0,(anonymous_11)
FNDA:0,(anonymous_12)
DA:5,0
DA:6,0
DA:8,0
DA:9,0
DA:12,0
DA:16,0
DA:20,0
DA:24,0
DA:28,0
DA:32,0
DA:36,0
DA:40,0
DA:44,0
DA:45,0
DA:46,0
DA:51,0
DA:52,0
DA:53,0
DA:58,0
DA:59,0
DA:60,0
DA:65,0
LF:22
LH:0
BRDA:44,0,0,0
BRDA:44,0,1,0
BRDA:51,1,0,0
BRDA:51,1,1,0
BRDA:58,2,0,0
BRDA:58,2,1,0
BRF:6
BRH:0
end_of_record
TN:
SF:src/domain/consignor/application-status.value-object.ts
FN:12,(anonymous_0)
FN:18,(anonymous_1)
FN:26,(anonymous_2)
FN:36,(anonymous_3)
FN:49,(anonymous_4)
FN:56,(anonymous_5)
FN:63,(anonymous_6)
FN:70,(anonymous_7)
FN:78,(anonymous_8)
FNF:9
FNH:9
FNDA:10,(anonymous_0)
FNDA:6,(anonymous_1)
FNDA:4,(anonymous_2)
FNDA:4,(anonymous_3)
FNDA:2,(anonymous_4)
FNDA:2,(anonymous_5)
FNDA:5,(anonymous_6)
FNDA:3,(anonymous_7)
FNDA:2,(anonymous_8)
DA:11,1
DA:12,10
DA:19,6
DA:27,4
DA:37,4
DA:38,1
DA:39,3
DA:40,1
DA:42,2
DA:50,2
DA:57,2
DA:64,5
DA:71,3
DA:79,2
LF:14
LH:14
BRDA:37,0,0,1
BRDA:37,0,1,3
BRDA:39,1,0,1
BRDA:39,1,1,2
BRF:4
BRH:4
end_of_record
TN:
SF:src/domain/consignor/location.value-object.ts
FN:24,(anonymous_0)
FN:41,(anonymous_1)
FN:79,(anonymous_2)
FN:87,(anonymous_3)
FN:94,(anonymous_4)
FN:101,(anonymous_5)
FN:108,(anonymous_6)
FN:115,(anonymous_7)
FN:122,(anonymous_8)
FN:129,(anonymous_9)
FN:136,(anonymous_10)
FN:144,(anonymous_11)
FNF:12
FNH:8
FNDA:8,(anonymous_0)
FNDA:12,(anonymous_1)
FNDA:2,(anonymous_2)
FNDA:1,(anonymous_3)
FNDA:1,(anonymous_4)
FNDA:0,(anonymous_5)
FNDA:0,(anonymous_6)
FNDA:1,(anonymous_7)
FNDA:0,(anonymous_8)
FNDA:1,(anonymous_9)
FNDA:0,(anonymous_10)
FNDA:2,(anonymous_11)
DA:23,1
DA:25,8
DA:26,8
DA:27,8
DA:28,8
DA:29,8
DA:30,8
DA:31,8
DA:32,8
DA:43,12
DA:44,1
DA:47,11
DA:48,1
DA:51,10
DA:52,1
DA:55,9
DA:56,1
DA:59,8
DA:60,0
DA:63,8
DA:80,2
DA:88,1
DA:95,1
DA:102,0
DA:109,0
DA:116,1
DA:123,0
DA:130,1
DA:137,0
DA:145,2
DA:147,2
DA:148,1
DA:151,2
LF:33
LH:28
BRDA:43,0,0,1
BRDA:43,0,1,11
BRDA:43,1,0,12
BRDA:43,1,1,11
BRDA:47,2,0,1
BRDA:47,2,1,10
BRDA:51,3,0,1
BRDA:51,3,1,9
BRDA:51,4,0,10
BRDA:51,4,1,9
BRDA:55,5,0,1
BRDA:55,5,1,8
BRDA:55,6,0,9
BRDA:55,6,1,8
BRDA:59,7,0,0
BRDA:59,7,1,8
BRDA:59,8,0,8
BRDA:59,8,1,8
BRDA:80,9,0,2
BRDA:80,9,1,1
BRDA:147,10,0,1
BRDA:147,10,1,1
BRF:22
BRH:21
end_of_record
TN:
SF:src/domain/shared/phone-number.value-object.ts
FN:12,(anonymous_0)
FN:22,(anonymous_1)
FN:55,(anonymous_2)
FN:77,(anonymous_3)
FN:84,(anonymous_4)
FN:91,(anonymous_5)
FNF:6
FNH:6
FNDA:24,(anonymous_0)
FNDA:29,(anonymous_1)
FNDA:24,(anonymous_2)
FNDA:2,(anonymous_3)
FNDA:4,(anonymous_4)
FNDA:4,(anonymous_5)
DA:9,2
DA:13,24
DA:24,29
DA:25,1
DA:29,28
DA:32,28
DA:33,1
DA:37,27
DA:38,2
DA:42,25
DA:43,1
DA:47,24
DA:49,24
DA:56,24
DA:58,5
DA:62,19
DA:63,19
DA:65,19
DA:66,6
DA:69,13
DA:78,2
DA:85,4
DA:92,4
LF:23
LH:23
BRDA:24,0,0,1
BRDA:24,0,1,28
BRDA:24,1,0,29
BRDA:24,1,1,28
BRDA:32,2,0,1
BRDA:32,2,1,27
BRDA:37,3,0,2
BRDA:37,3,1,25
BRDA:37,4,0,27
BRDA:37,4,1,7
BRDA:42,5,0,1
BRDA:42,5,1,24
BRDA:56,6,0,5
BRDA:56,6,1,19
BRDA:65,7,0,6
BRDA:65,7,1,13
BRDA:92,8,0,4
BRDA:92,8,1,3
BRDA:92,8,2,2
BRF:19
BRH:19
end_of_record
TN:
SF:src/domain/shared/postal-code.value-object.ts
FN:11,(anonymous_0)
FN:21,(anonymous_1)
FN:53,(anonymous_2)
FN:60,(anonymous_3)
FN:67,(anonymous_4)
FNF:5
FNH:5
FNDA:21,(anonymous_0)
FNDA:25,(anonymous_1)
FNDA:4,(anonymous_2)
FNDA:3,(anonymous_3)
FNDA:2,(anonymous_4)
DA:8,2
DA:12,21
DA:23,25
DA:24,1
DA:30,24
DA:32,19
DA:33,2
DA:35,17
DA:38,5
DA:39,1
DA:41,4
DA:45,21
DA:47,21
DA:54,4
DA:61,3
DA:68,2
LF:16
LH:16
BRDA:23,0,0,1
BRDA:23,0,1,24
BRDA:23,1,0,25
BRDA:23,1,1,24
BRDA:30,2,0,19
BRDA:30,2,1,5
BRDA:32,3,0,2
BRDA:32,3,1,17
BRDA:38,4,0,1
BRDA:38,4,1,4
BRF:10
BRH:10
end_of_record
TN:
SF:src/domain/shared/prefecture.value-object.ts
FN:24,(anonymous_0)
FN:34,(anonymous_1)
FN:51,(anonymous_2)
FN:58,(anonymous_3)
FN:65,(anonymous_4)
FN:72,(anonymous_5)
FN:79,(anonymous_6)
FN:86,(anonymous_7)
FNF:8
FNH:8
FNDA:29,(anonymous_0)
FNDA:32,(anonymous_1)
FNDA:3,(anonymous_2)
FNDA:6,(anonymous_3)
FNDA:2,(anonymous_4)
FNDA:2,(anonymous_5)
FNDA:3,(anonymous_6)
FNDA:2,(anonymous_7)
DA:8,2
DA:9,2
DA:25,29
DA:35,32
DA:36,1
DA:39,31
DA:41,31
DA:42,2
DA:45,29
DA:52,3
DA:59,6
DA:66,2
DA:73,2
DA:80,3
DA:87,2
LF:15
LH:15
BRDA:35,0,0,1
BRDA:35,0,1,31
BRDA:35,1,0,32
BRDA:35,1,1,31
BRDA:41,2,0,2
BRDA:41,2,1,29
BRF:6
BRH:6
end_of_record
TN:
SF:src/domain/shop/shopify-shop-id.value-object.ts
FN:12,(anonymous_0)
FN:22,(anonymous_1)
FN:54,(anonymous_2)
FN:61,(anonymous_3)
FN:68,(anonymous_4)
FN:75,(anonymous_5)
FNF:6
FNH:6
FNDA:11,(anonymous_0)
FNDA:15,(anonymous_1)
FNDA:2,(anonymous_2)
FNDA:4,(anonymous_3)
FNDA:2,(anonymous_4)
FNDA:1,(anonymous_5)
DA:8,1
DA:9,1
DA:13,11
DA:24,15
DA:25,1
DA:28,14
DA:31,14
DA:32,1
DA:36,13
DA:39,13
DA:40,1
DA:44,12
DA:45,1
DA:48,11
DA:55,2
DA:62,4
DA:69,2
DA:76,1
LF:18
LH:18
BRDA:24,0,0,1
BRDA:24,0,1,14
BRDA:24,1,0,15
BRDA:24,1,1,14
BRDA:31,2,0,1
BRDA:31,2,1,13
BRDA:39,3,0,1
BRDA:39,3,1,12
BRDA:44,4,0,1
BRDA:44,4,1,11
BRF:10
BRH:10
end_of_record
TN:
SF:src/generators/consignor-sql.ts
FN:12,(anonymous_9)
FN:21,(anonymous_10)
FN:43,(anonymous_11)
FN:92,(anonymous_12)
FN:109,(anonymous_13)
FNF:5
FNH:0
FNDA:0,(anonymous_9)
FNDA:0,(anonymous_10)
FNDA:0,(anonymous_11)
FNDA:0,(anonymous_12)
FNDA:0,(anonymous_13)
DA:5,0
DA:6,0
DA:9,0
DA:14,0
DA:15,0
DA:22,0
DA:24,0
DA:25,0
DA:26,0
DA:27,0
DA:29,0
DA:30,0
DA:31,0
DA:34,0
DA:36,0
DA:37,0
DA:39,0
DA:41,0
DA:43,0
DA:44,0
DA:45,0
DA:46,0
DA:47,0
DA:48,0
DA:49,0
DA:50,0
DA:51,0
DA:52,0
DA:53,0
DA:54,0
DA:55,0
DA:56,0
DA:57,0
DA:58,0
DA:59,0
DA:60,0
DA:61,0
DA:62,0
DA:63,0
DA:64,0
DA:65,0
DA:66,0
DA:67,0
DA:68,0
DA:69,0
DA:70,0
DA:71,0
DA:72,0
DA:73,0
DA:74,0
DA:75,0
DA:76,0
DA:77,0
DA:78,0
DA:79,0
DA:80,0
DA:81,0
DA:82,0
DA:83,0
DA:86,0
DA:93,0
DA:95,0
DA:96,0
DA:97,0
DA:99,0
DA:100,0
DA:101,0
DA:103,0
DA:110,0
DA:112,0
DA:113,0
DA:116,0
DA:117,0
DA:119,0
LF:74
LH:0
BRDA:21,0,0,0
BRDA:29,1,0,0
BRDA:29,1,1,0
BRDA:36,2,0,0
BRDA:36,2,1,0
BRDA:36,3,0,0
BRDA:36,3,1,0
BRDA:37,4,0,0
BRDA:37,4,1,0
BRDA:37,5,0,0
BRDA:37,5,1,0
BRDA:39,6,0,0
BRDA:39,6,1,0
BRDA:39,7,0,0
BRDA:39,7,1,0
BRDA:41,8,0,0
BRDA:41,8,1,0
BRDA:110,9,0,0
BRDA:110,9,1,0
BRDA:112,10,0,0
BRDA:112,10,1,0
BRF:21
BRH:0
end_of_record
